\BOOKMARK [0][-]{section*.1}{Acknowledgments}{}% 1
\BOOKMARK [0][-]{chapter.1}{Objectives}{}% 2
\BOOKMARK [1][-]{section.1.1}{General Objectives}{chapter.1}% 3
\BOOKMARK [1][-]{section.1.2}{Specific Objectives}{chapter.1}% 4
\BOOKMARK [0][-]{chapter.2}{Theoretical Framework}{}% 5
\BOOKMARK [1][-]{section.2.1}{Sensors, transducers and biosensors}{chapter.2}% 6
\BOOKMARK [1][-]{section.2.2}{Functional Printed Electronics}{chapter.2}% 7
\BOOKMARK [2][-]{subsection.2.2.1}{Inkjet printer}{section.2.2}% 8
\BOOKMARK [2][-]{subsection.2.2.2}{Gold nanoparticles ink}{section.2.2}% 9
\BOOKMARK [2][-]{subsection.2.2.3}{Photo-definable dielectric ink SU-8}{section.2.2}% 10
\BOOKMARK [2][-]{subsection.2.2.4}{Valox substrate}{section.2.2}% 11
\BOOKMARK [1][-]{section.2.3}{Characterization techniques}{chapter.2}% 12
\BOOKMARK [2][-]{subsection.2.3.1}{Electrical Characterization}{section.2.3}% 13
\BOOKMARK [2][-]{subsection.2.3.2}{Optical/Dimensional Characterization}{section.2.3}% 14
\BOOKMARK [2][-]{subsection.2.3.3}{Electrochemical Characterization}{section.2.3}% 15
\BOOKMARK [0][-]{chapter.3}{Experimental development}{}% 16
\BOOKMARK [1][-]{section.3.1}{Preparation of image patterns}{chapter.3}% 17
\BOOKMARK [2][-]{subsection.3.1.1}{Preliminary measurements}{section.3.1}% 18
\BOOKMARK [2][-]{subsection.3.1.2}{Print pattern designs}{section.3.1}% 19
\BOOKMARK [1][-]{section.3.2}{Printer setup and calibration}{chapter.3}% 20
\BOOKMARK [1][-]{section.3.3}{Prints}{chapter.3}% 21
\BOOKMARK [1][-]{section.3.4}{Characterizations}{chapter.3}% 22
\BOOKMARK [2][-]{subsection.3.4.1}{Electrical characterization}{section.3.4}% 23
\BOOKMARK [2][-]{subsection.3.4.2}{Dimensional characterization}{section.3.4}% 24
\BOOKMARK [2][-]{subsection.3.4.3}{Electrochemical characterization}{section.3.4}% 25
\BOOKMARK [1][-]{section.3.5}{Photo-definable dielectric ink}{chapter.3}% 26
\BOOKMARK [2][-]{subsection.3.5.1}{Design}{section.3.5}% 27
\BOOKMARK [2][-]{subsection.3.5.2}{Ink cartridge preparation}{section.3.5}% 28
\BOOKMARK [2][-]{subsection.3.5.3}{Printer setup and calibration}{section.3.5}% 29
\BOOKMARK [2][-]{subsection.3.5.4}{Prints}{section.3.5}% 30
\BOOKMARK [2][-]{subsection.3.5.5}{Characterizations}{section.3.5}% 31
\BOOKMARK [0][-]{chapter.4}{Mediciones y Resultados}{}% 32
\BOOKMARK [1][-]{section.4.1}{Caracterizaci\363n el\351ctrica}{chapter.4}% 33
\BOOKMARK [1][-]{section.4.2}{Dimensional characterization}{chapter.4}% 34
\BOOKMARK [1][-]{section.4.3}{Caracterizaci\363n electroqu\355mica}{chapter.4}% 35
\BOOKMARK [0][-]{chapter.5}{Conclusions}{}% 36
\BOOKMARK [1][-]{section.5.1}{Conclusions of the carried out work}{chapter.5}% 37
\BOOKMARK [1][-]{section.5.2}{Future work}{chapter.5}% 38
\BOOKMARK [0][-]{appendix.Alph1}{Configuraci\363n de impresora}{}% 39
\BOOKMARK [1][-]{section.Alph1.1}{Ink cartridge preparation}{appendix.Alph1}% 40
\BOOKMARK [1][-]{section.Alph1.2}{Substrate clamping and platen configuration}{appendix.Alph1}% 41
\BOOKMARK [0][-]{appendix.Alph2}{Project closure process}{}% 42
\BOOKMARK [1][-]{section.Alph2.1}{Learned lessons}{appendix.Alph2}% 43
\BOOKMARK [0][-]{section*.5}{Bibliograf\355a}{}% 44
