This is pdfTeX, Version 3.14159265-2.6-1.40.21 (MiKTeX 20.6.29) (preloaded format=pdflatex 2020.7.12)  2 AUG 2020 15:21
entering extended mode
**./PFI.tex
(PFI.tex
LaTeX2e <2020-02-02> patch level 5
L3 programming layer <2020-06-18> (clases.cls

LaTeX Warning: You have requested document class `clases',
               but the document class provides `ezthesis'.

Document Class: ezthesis 2007/08/08 A custom thesis class

("/Users/jeremiasvozzi/Library/Application Support/MiKTeX/texmfs/install/tex/la
tex/base/report.cls"
Document Class: report 2019/12/20 v1.4l Standard LaTeX document class

("/Users/jeremiasvozzi/Library/Application Support/MiKTeX/texmfs/install/tex/la
tex/base/size12.clo"
File: size12.clo 2019/12/20 v1.4l Standard LaTeX file (size option)
)
\c@part=\count167
\c@chapter=\count168
\c@section=\count169
\c@subsection=\count170
\c@subsubsection=\count171
\c@paragraph=\count172
\c@subparagraph=\count173
\c@figure=\count174
\c@table=\count175
\abovecaptionskip=\skip47
\belowcaptionskip=\skip48
\bibindent=\dimen134
)
("/Users/jeremiasvozzi/Library/Application Support/MiKTeX/texmfs/install/tex/ge
neric/babel/babel.sty"
Package: babel 2020/07/07 3.46 The Babel package

("/Users/jeremiasvozzi/Library/Application Support/MiKTeX/texmfs/install/tex/ge
neric/babel/babel.def"
File: babel.def 2020/07/07 3.46 Babel common definitions
\babel@savecnt=\count176
\U@D=\dimen135
\l@babelnohyphens=\language1

("/Users/jeremiasvozzi/Library/Application Support/MiKTeX/texmfs/install/tex/ge
neric/babel/txtbabel.def")
\bbl@readstream=\read2
)
\bbl@dirlevel=\count177

*************************************
* Local config file bblopts.cfg used
*

("/Users/jeremiasvozzi/Library/Application Support/MiKTeX/texmfs/install/tex/la
tex/arabi/bblopts.cfg"
File: bblopts.cfg 2005/09/08 v0.1 add Arabic and Farsi to "declared" options of
 babel
)
("/Users/jeremiasvozzi/Library/Application Support/MiKTeX/texmfs/install/tex/la
tex/babel-spanish/spanish.ldf"
Language: spanish.ldf 2016/03/03 v5.0p Spanish support from the babel system


Package babel Warning: No hyphenation patterns were preloaded for
(babel)                the language `Spanish' into the format.
(babel)                Please, configure your TeX system to add them and
(babel)                rebuild the format. Now I will use the patterns
(babel)                preloaded for \language=0 instead on input line 51.

\es@quottoks=\toks15
\es@quotdepth=\count178
Package babel Info: Making " an active character on input line 561.
Package babel Info: Making . an active character on input line 662.
Package babel Info: Making < an active character on input line 707.
Package babel Info: Making > an active character on input line 707.
Package babel Info: Making ' an active character on input line 725.
))
\hours=\count179
\minutes=\count180

("/Users/jeremiasvozzi/Library/Application Support/MiKTeX/texmfs/install/tex/la
tex/setspace/setspace.sty"
Package: setspace 2011/12/19 v6.7a set line spacing
)
("/Users/jeremiasvozzi/Library/Application Support/MiKTeX/texmfs/install/tex/la
tex/geometry/geometry.sty"
Package: geometry 2020/01/02 v5.9 Page Geometry

("/Users/jeremiasvozzi/Library/Application Support/MiKTeX/texmfs/install/tex/la
tex/graphics/keyval.sty"
Package: keyval 2014/10/28 v1.15 key=value parser (DPC)
\KV@toks@=\toks16
)
("/Users/jeremiasvozzi/Library/Application Support/MiKTeX/texmfs/install/tex/ge
neric/iftex/ifvtex.sty"
Package: ifvtex 2019/10/25 v1.7 ifvtex legacy package. Use iftex instead.

("/Users/jeremiasvozzi/Library/Application Support/MiKTeX/texmfs/install/tex/ge
neric/iftex/iftex.sty"
Package: iftex 2020/03/06 v1.0d TeX engine tests
))
\Gm@cnth=\count181
\Gm@cntv=\count182
\c@Gm@tempcnt=\count183
\Gm@bindingoffset=\dimen136
\Gm@wd@mp=\dimen137
\Gm@odd@mp=\dimen138
\Gm@even@mp=\dimen139
\Gm@layoutwidth=\dimen140
\Gm@layoutheight=\dimen141
\Gm@layouthoffset=\dimen142
\Gm@layoutvoffset=\dimen143
\Gm@dimlist=\toks17

("/Users/jeremiasvozzi/Library/Application Support/MiKTeX/texmfs/install/tex/la
tex/geometry/geometry.cfg"))
("/Users/jeremiasvozzi/Library/Application Support/MiKTeX/texmfs/install/tex/la
tex/fancyhdr/fancyhdr.sty"
Package: fancyhdr 2019/01/31 v3.10 Extensive control of page headers and footer
s
\f@nch@headwidth=\skip49
\f@nch@O@elh=\skip50
\f@nch@O@erh=\skip51
\f@nch@O@olh=\skip52
\f@nch@O@orh=\skip53
\f@nch@O@elf=\skip54
\f@nch@O@erf=\skip55
\f@nch@O@olf=\skip56
\f@nch@O@orf=\skip57
)
("/Users/jeremiasvozzi/Library/Application Support/MiKTeX/texmfs/install/tex/la
tex/natbib/natbib.sty"
Package: natbib 2010/09/13 8.31b (PWD, AO)
\bibhang=\skip58
\bibsep=\skip59
LaTeX Info: Redefining \cite on input line 694.
\c@NAT@ctr=\count184
)
("/Users/jeremiasvozzi/Library/Application Support/MiKTeX/texmfs/install/tex/la
tex/graphics/graphicx.sty"
Package: graphicx 2019/11/30 v1.2a Enhanced LaTeX Graphics (DPC,SPQR)

("/Users/jeremiasvozzi/Library/Application Support/MiKTeX/texmfs/install/tex/la
tex/graphics/graphics.sty"
Package: graphics 2019/11/30 v1.4a Standard LaTeX Graphics (DPC,SPQR)

("/Users/jeremiasvozzi/Library/Application Support/MiKTeX/texmfs/install/tex/la
tex/graphics/trig.sty"
Package: trig 2016/01/03 v1.10 sin cos tan (DPC)
)
("/Users/jeremiasvozzi/Library/Application Support/MiKTeX/texmfs/install/tex/la
tex/graphics-cfg/graphics.cfg"
File: graphics.cfg 2016/06/04 v1.11 sample graphics configuration
)
Package graphics Info: Driver file: pdftex.def on input line 105.

("/Users/jeremiasvozzi/Library/Application Support/MiKTeX/texmfs/install/tex/la
tex/graphics-def/pdftex.def"
File: pdftex.def 2018/01/08 v1.0l Graphics/color driver for pdftex
))
\Gin@req@height=\dimen144
\Gin@req@width=\dimen145
)
("/Users/jeremiasvozzi/Library/Application Support/MiKTeX/texmfs/install/tex/la
tex/xcolor/xcolor.sty"
Package: xcolor 2016/05/11 v2.12 LaTeX color extensions (UK)

("/Users/jeremiasvozzi/Library/Application Support/MiKTeX/texmfs/install/tex/la
tex/graphics-cfg/color.cfg"
File: color.cfg 2016/01/02 v1.6 sample color configuration
)
Package xcolor Info: Driver file: pdftex.def on input line 225.
Package xcolor Info: Model `cmy' substituted by `cmy0' on input line 1348.
Package xcolor Info: Model `hsb' substituted by `rgb' on input line 1352.
Package xcolor Info: Model `RGB' extended on input line 1364.
Package xcolor Info: Model `HTML' substituted by `rgb' on input line 1366.
Package xcolor Info: Model `Hsb' substituted by `hsb' on input line 1367.
Package xcolor Info: Model `tHsb' substituted by `hsb' on input line 1368.
Package xcolor Info: Model `HSB' substituted by `hsb' on input line 1369.
Package xcolor Info: Model `Gray' substituted by `gray' on input line 1370.
Package xcolor Info: Model `wave' substituted by `hsb' on input line 1371.
))
("/Users/jeremiasvozzi/Library/Application Support/MiKTeX/texmfs/install/tex/la
tex/multirow/multirow.sty"
Package: multirow 2019/05/31 v2.5 Span multiple rows of a table
\multirow@colwidth=\skip60
\multirow@cntb=\count185
\multirow@dima=\skip61
\bigstrutjot=\dimen146
)
("/Users/jeremiasvozzi/Library/Application Support/MiKTeX/texmfs/install/tex/la
tex/float/float.sty"
Package: float 2001/11/08 v1.3d Float enhancements (AL)
\c@float@type=\count186
\float@exts=\toks18
\float@box=\box45
\@float@everytoks=\toks19
\@floatcapt=\box46
)
("/Users/jeremiasvozzi/Library/Application Support/MiKTeX/texmfs/install/tex/la
tex/hyperref/hyperref.sty"
Package: hyperref 2020-05-15 v7.00e Hypertext links for LaTeX

("/Users/jeremiasvozzi/Library/Application Support/MiKTeX/texmfs/install/tex/ge
neric/ltxcmds/ltxcmds.sty"
Package: ltxcmds 2019/12/15 v1.24 LaTeX kernel commands for general use (HO)
)
("/Users/jeremiasvozzi/Library/Application Support/MiKTeX/texmfs/install/tex/ge
neric/pdftexcmds/pdftexcmds.sty"
Package: pdftexcmds 2020-06-27 v0.33 Utility functions of pdfTeX for LuaTeX (HO
)

("/Users/jeremiasvozzi/Library/Application Support/MiKTeX/texmfs/install/tex/ge
neric/infwarerr/infwarerr.sty"
Package: infwarerr 2019/12/03 v1.5 Providing info/warning/error messages (HO)
)
Package pdftexcmds Info: \pdf@primitive is available.
Package pdftexcmds Info: \pdf@ifprimitive is available.
Package pdftexcmds Info: \pdfdraftmode found.
)
("/Users/jeremiasvozzi/Library/Application Support/MiKTeX/texmfs/install/tex/ge
neric/kvsetkeys/kvsetkeys.sty"
Package: kvsetkeys 2019/12/15 v1.18 Key value parser (HO)
)
("/Users/jeremiasvozzi/Library/Application Support/MiKTeX/texmfs/install/tex/ge
neric/kvdefinekeys/kvdefinekeys.sty"
Package: kvdefinekeys 2019-12-19 v1.6 Define keys (HO)
)
("/Users/jeremiasvozzi/Library/Application Support/MiKTeX/texmfs/install/tex/ge
neric/pdfescape/pdfescape.sty"
Package: pdfescape 2019/12/09 v1.15 Implements pdfTeX's escape features (HO)
)
("/Users/jeremiasvozzi/Library/Application Support/MiKTeX/texmfs/install/tex/la
tex/hycolor/hycolor.sty"
Package: hycolor 2020-01-27 v1.10 Color options for hyperref/bookmark (HO)
)
("/Users/jeremiasvozzi/Library/Application Support/MiKTeX/texmfs/install/tex/la
tex/letltxmacro/letltxmacro.sty"
Package: letltxmacro 2019/12/03 v1.6 Let assignment for LaTeX macros (HO)
)
("/Users/jeremiasvozzi/Library/Application Support/MiKTeX/texmfs/install/tex/la
tex/auxhook/auxhook.sty"
Package: auxhook 2019-12-17 v1.6 Hooks for auxiliary files (HO)
)
("/Users/jeremiasvozzi/Library/Application Support/MiKTeX/texmfs/install/tex/la
tex/kvoptions/kvoptions.sty"
Package: kvoptions 2019/11/29 v3.13 Key value format for package options (HO)
)
\@linkdim=\dimen147
\Hy@linkcounter=\count187
\Hy@pagecounter=\count188

("/Users/jeremiasvozzi/Library/Application Support/MiKTeX/texmfs/install/tex/la
tex/hyperref/pd1enc.def"
File: pd1enc.def 2020-05-15 v7.00e Hyperref: PDFDocEncoding definition (HO)
Now handling font encoding PD1 ...
... no UTF-8 mapping file for font encoding PD1
)
("/Users/jeremiasvozzi/Library/Application Support/MiKTeX/texmfs/install/tex/ge
neric/intcalc/intcalc.sty"
Package: intcalc 2019/12/15 v1.3 Expandable calculations with integers (HO)
)
("/Users/jeremiasvozzi/Library/Application Support/MiKTeX/texmfs/install/tex/ge
neric/etexcmds/etexcmds.sty"
Package: etexcmds 2019/12/15 v1.7 Avoid name clashes with e-TeX commands (HO)
)
\Hy@SavedSpaceFactor=\count189
Package hyperref Info: Option `final' set `true' on input line 4338.
Package hyperref Info: Option `breaklinks' set `true' on input line 4338.
Package hyperref Info: Option `bookmarks' set `true' on input line 4338.
Package hyperref Info: Hyper figures OFF on input line 4464.
Package hyperref Info: Link nesting OFF on input line 4469.
Package hyperref Info: Hyper index ON on input line 4472.
Package hyperref Info: Plain pages OFF on input line 4479.
Package hyperref Info: Backreferencing OFF on input line 4484.
Package hyperref Info: Implicit mode ON; LaTeX internals redefined.
Package hyperref Info: Bookmarks ON on input line 4717.
\c@Hy@tempcnt=\count190

("/Users/jeremiasvozzi/Library/Application Support/MiKTeX/texmfs/install/tex/la
tex/url/url.sty"
\Urlmuskip=\muskip16
Package: url 2013/09/16  ver 3.4  Verb mode for urls, etc.
)
LaTeX Info: Redefining \url on input line 5076.
\XeTeXLinkMargin=\dimen148

("/Users/jeremiasvozzi/Library/Application Support/MiKTeX/texmfs/install/tex/ge
neric/bitset/bitset.sty"
Package: bitset 2019/12/09 v1.3 Handle bit-vector datatype (HO)

("/Users/jeremiasvozzi/Library/Application Support/MiKTeX/texmfs/install/tex/ge
neric/bigintcalc/bigintcalc.sty"
Package: bigintcalc 2019/12/15 v1.5 Expandable calculations on big integers (HO
)
))
\Fld@menulength=\count191
\Field@Width=\dimen149
\Fld@charsize=\dimen150
Package hyperref Info: Hyper figures OFF on input line 6347.
Package hyperref Info: Link nesting OFF on input line 6352.
Package hyperref Info: Hyper index ON on input line 6355.
Package hyperref Info: backreferencing OFF on input line 6362.
Package hyperref Info: Link coloring OFF on input line 6367.
Package hyperref Info: Link coloring with OCG OFF on input line 6372.
Package hyperref Info: PDF/A mode OFF on input line 6377.
LaTeX Info: Redefining \ref on input line 6417.
LaTeX Info: Redefining \pageref on input line 6421.

("/Users/jeremiasvozzi/Library/Application Support/MiKTeX/texmfs/install/tex/ge
neric/atbegshi/atbegshi.sty"
Package: atbegshi 2019/12/05 v1.19 At begin shipout hook (HO)
)
\Hy@abspage=\count192
\c@Item=\count193
\c@Hfootnote=\count194
)
Package hyperref Info: Driver (autodetected): hpdftex.

("/Users/jeremiasvozzi/Library/Application Support/MiKTeX/texmfs/install/tex/la
tex/hyperref/hpdftex.def"
File: hpdftex.def 2020-05-15 v7.00e Hyperref driver for pdfTeX

("/Users/jeremiasvozzi/Library/Application Support/MiKTeX/texmfs/install/tex/la
tex/atveryend/atveryend.sty"
Package: atveryend 2019-12-11 v1.11 Hooks at the very end of document (HO)
Package atveryend Info: \enddocument detected (standard20110627).
)
\Fld@listcount=\count195
\c@bookmark@seq@number=\count196

("/Users/jeremiasvozzi/Library/Application Support/MiKTeX/texmfs/install/tex/la
tex/rerunfilecheck/rerunfilecheck.sty"
Package: rerunfilecheck 2019/12/05 v1.9 Rerun checks for auxiliary files (HO)

("/Users/jeremiasvozzi/Library/Application Support/MiKTeX/texmfs/install/tex/ge
neric/uniquecounter/uniquecounter.sty"
Package: uniquecounter 2019/12/15 v1.4 Provide unlimited unique counter (HO)
)
Package uniquecounter Info: New unique counter `rerunfilecheck' on input line 2
86.
)
\Hy@SectionHShift=\skip62
)
Package hyperref Info: Option `colorlinks' set `true' on input line 27.

("/Users/jeremiasvozzi/Library/Application Support/MiKTeX/texmfs/install/tex/la
tex/oberdiek/hypcap.sty"
Package: hypcap 2016/05/16 v1.12 Adjusting the anchors of captions (HO)
)
("/Users/jeremiasvozzi/Library/Application Support/MiKTeX/texmfs/install/tex/la
tex/l3backend/l3backend-pdfmode.def"
File: l3backend-pdfmode.def 2020-06-29 L3 backend support: PDF mode
\l__kernel_color_stack_int=\count197
\l__pdf_internal_box=\box47
) (PFI.aux (titlepage.aux)
LaTeX Info: Redefining \. on input line 28.
LaTeX Info: Redefining \% on input line 28.
 (software.aux)
(gracias.aux) (Objetivos.aux) (MarcoTeorico.aux) (Desarrollo.aux)
(MedicionesYResultados.aux) (Conclusiones.aux) (apendiceA.aux) (apendiceB.aux))
\openout1 = `PFI.aux'.

LaTeX Font Info:    Checking defaults for OML/cmm/m/it on input line 29.
LaTeX Font Info:    ... okay on input line 29.
LaTeX Font Info:    Checking defaults for OMS/cmsy/m/n on input line 29.
LaTeX Font Info:    ... okay on input line 29.
LaTeX Font Info:    Checking defaults for OT1/cmr/m/n on input line 29.
LaTeX Font Info:    ... okay on input line 29.
LaTeX Font Info:    Checking defaults for T1/cmr/m/n on input line 29.
LaTeX Font Info:    ... okay on input line 29.
LaTeX Font Info:    Checking defaults for TS1/cmr/m/n on input line 29.
LaTeX Font Info:    ... okay on input line 29.
LaTeX Font Info:    Checking defaults for OMX/cmex/m/n on input line 29.
LaTeX Font Info:    ... okay on input line 29.
LaTeX Font Info:    Checking defaults for U/cmr/m/n on input line 29.
LaTeX Font Info:    ... okay on input line 29.
LaTeX Font Info:    Checking defaults for PD1/pdf/m/n on input line 29.
LaTeX Font Info:    ... okay on input line 29.
LaTeX Info: Redefining \. on input line 29.
LaTeX Info: Redefining \% on input line 29.
*geometry* driver: auto-detecting
*geometry* detected driver: pdftex
*geometry* verbose mode - [ preamble ] result:
* driver: pdftex
* paper: a4paper
* layout: <same size as paper>
* layoutoffset:(h,v)=(0.0pt,0.0pt)
* modes: twoside 
* h-part:(L,W,R)=(113.81102pt, 412.56497pt, 71.13188pt)
* v-part:(T,H,B)=(56.9055pt, 674.33032pt, 113.81102pt)
* \paperwidth=597.50787pt
* \paperheight=845.04684pt
* \textwidth=412.56497pt
* \textheight=674.33032pt
* \oddsidemargin=41.54103pt
* \evensidemargin=-1.1381pt
* \topmargin=-58.81723pt
* \headheight=15.0pt
* \headsep=28.45274pt
* \topskip=12.0pt
* \footskip=30.0pt
* \marginparwidth=42.67912pt
* \marginparsep=10.0pt
* \columnsep=10.0pt
* \skip\footins=10.8pt plus 4.0pt minus 2.0pt
* \hoffset=0.0pt
* \voffset=0.0pt
* \mag=1000
* \@twocolumnfalse
* \@twosidetrue
* \@mparswitchtrue
* \@reversemarginfalse
* (1in=72.27pt=25.4mm, 1cm=28.453pt)


("/Users/jeremiasvozzi/Library/Application Support/MiKTeX/texmfs/install/tex/co
ntext/base/mkii/supp-pdf.mkii"
[Loading MPS to PDF converter (version 2006.09.02).]
\scratchcounter=\count198
\scratchdimen=\dimen151
\scratchbox=\box48
\nofMPsegments=\count199
\nofMParguments=\count266
\everyMPshowfont=\toks20
\MPscratchCnt=\count267
\MPscratchDim=\dimen152
\MPnumerator=\count268
\makeMPintoPDFobject=\count269
\everyMPtoPDFconversion=\toks21
)
("/Users/jeremiasvozzi/Library/Application Support/MiKTeX/texmfs/install/tex/la
tex/epstopdf-pkg/epstopdf-base.sty"
Package: epstopdf-base 2020-01-24 v2.11 Base part for package epstopdf

("/Users/jeremiasvozzi/Library/Application Support/MiKTeX/texmfs/install/tex/la
tex/grfext/grfext.sty"
Package: grfext 2019/12/03 v1.3 Manage graphics extensions (HO)
)
Package epstopdf-base Info: Redefining graphics rule for `.eps' on input line 4
85.
Package grfext Info: Graphics extension search list:
(grfext)             [.pdf,.png,.jpg,.mps,.jpeg,.jbig2,.jb2,.PDF,.PNG,.JPG,.JPE
G,.JBIG2,.JB2,.eps]
(grfext)             \AppendGraphicsExtensions on input line 504.
)
\AtBeginShipoutBox=\box49
Package hyperref Info: Link coloring ON on input line 29.

("/Users/jeremiasvozzi/Library/Application Support/MiKTeX/texmfs/install/tex/la
tex/hyperref/nameref.sty"
Package: nameref 2019/09/16 v2.46 Cross-referencing by name of section

("/Users/jeremiasvozzi/Library/Application Support/MiKTeX/texmfs/install/tex/la
tex/refcount/refcount.sty"
Package: refcount 2019/12/15 v3.6 Data extraction from label references (HO)
)
("/Users/jeremiasvozzi/Library/Application Support/MiKTeX/texmfs/install/tex/ge
neric/gettitlestring/gettitlestring.sty"
Package: gettitlestring 2019/12/15 v1.6 Cleanup title references (HO)
)
\c@section@level=\count270
)
LaTeX Info: Redefining \ref on input line 29.
LaTeX Info: Redefining \pageref on input line 29.
LaTeX Info: Redefining \nameref on input line 29.
 (PFI.out) (PFI.out)
\@outlinefile=\write3
\openout3 = `PFI.out'.

\openout2 = `titlepage.aux'.

 (titlepage.tex
<Figures/logo_unsam.jpg, id=179, 884.55469pt x 313.9228pt>
File: Figures/logo_unsam.jpg Graphic file (type jpg)
<use Figures/logo_unsam.jpg>
Package pdftex.def Info: Figures/logo_unsam.jpg  used on input line 4.
(pdftex.def)             Requested size: 320.67998pt x 113.81102pt.


LaTeX Font Warning: Font shape `OT1/cmr/bx/sc' undefined
(Font)              using `OT1/cmr/bx/n' instead on input line 5.

LaTeX Font Info:    External font `cmex10' loaded for size
(Font)              <12> on input line 10.
LaTeX Font Info:    External font `cmex10' loaded for size
(Font)              <8> on input line 10.
LaTeX Font Info:    External font `cmex10' loaded for size
(Font)              <6> on input line 10.
LaTeX Font Info:    External font `cmex10' loaded for size
(Font)              <10.95> on input line 12.

Overfull \hbox (21.08344pt too wide) in paragraph at lines 12--12
 [][] 
 []

[1


{/Users/jeremiasvozzi/Library/Application Support/MiKTeX/texmfs/data/pdftex/con
fig/pdftex.map} <./Figures/logo_unsam.jpg>])
\openout2 = `software.aux'.

 (software.tex) [2


]
\openout2 = `gracias.aux'.

 (gracias.tex
[3




])
LaTeX Info: Redefining \. on input line 40.
LaTeX Info: Redefining \% on input line 40.
 [4] (PFI.toc
LaTeX Info: Redefining \. on input line 1.
LaTeX Info: Redefining \% on input line 1.
 [5


])
\tf@toc=\write4
\openout4 = `PFI.toc'.

LaTeX Info: Redefining \. on input line 44.
LaTeX Info: Redefining \% on input line 44.
 [6] (PFI.lof
LaTeX Info: Redefining \. on input line 1.
LaTeX Info: Redefining \% on input line 1.

Overfull \hbox (6.08769pt too wide) in paragraph at lines 28--28
 [][] [][][]\OT1/cmr/m/n/12 Excitation curve and typical voltagram for a revers
ible redox species. 
 []

[7

]
Overfull \hbox (5.99834pt too wide) in paragraph at lines 45--45
 [][] [][][]\OT1/cmr/m/n/12 Fiducial camera window with options for \OT1/cmr/m/
it/12 Print Origin \OT1/cmr/m/n/12 and \OT1/cmr/m/it/12 Reference 
 []

LaTeX Info: Redefining \. on input line 64.
LaTeX Info: Redefining \% on input line 64.
[8]
Overfull \hbox (4.74515pt too wide) in paragraph at lines 76--76
 [][] [][][]\OT1/cmr/m/n/12 Cyclic voltammetry with carbon \OT1/cmr/m/it/12 WE 
\OT1/cmr/m/n/12 coated with gold nanoparticles 
 []

LaTeX Info: Redefining \. on input line 91.
LaTeX Info: Redefining \% on input line 91.
[9])
\tf@lof=\write5
\openout5 = `PFI.lof'.

LaTeX Info: Redefining \. on input line 47.
LaTeX Info: Redefining \% on input line 47.
 [10]
\openout2 = `Objetivos.aux'.

 (Objetivos.tex
Chapter 1.

Overfull \hbox (7.11957pt too wide) in paragraph at lines 2--3
\OT1/cmr/m/n/12 platform (Figure  [][]1.1[][]), developed at the Instituto Naci
onal de Tecnologa Industrial,
 []

<Figures/Figura_Nano_Poc.jpg, id=488, 745.28438pt x 433.62pt>
File: Figures/Figura_Nano_Poc.jpg Graphic file (type jpg)
<use Figures/Figura_Nano_Poc.jpg>
Package pdftex.def Info: Figures/Figura_Nano_Poc.jpg  used on input line 6.
(pdftex.def)             Requested size: 206.28249pt x 120.01668pt.
<Figures/Figura_Biosensor_objetivos.jpg, id=490, 1029.8475pt x 457.71pt>
File: Figures/Figura_Biosensor_objetivos.jpg Graphic file (type jpg)
<use Figures/Figura_Biosensor_objetivos.jpg>
Package pdftex.def Info: Figures/Figura_Biosensor_objetivos.jpg  used on input 
line 16.
(pdftex.def)             Requested size: 206.28249pt x 91.68005pt.

Underfull \vbox (badness 10000) has occurred while \output is active []

 [11


 <./Figures/Figura_Nano_Poc.jpg>]
Underfull \hbox (badness 10000) in paragraph at lines 22--23

 []

<Figures/Figura_celda_electroquimica.jpg, id=497, 602.25pt x 602.25pt>
File: Figures/Figura_celda_electroquimica.jpg Graphic file (type jpg)
<use Figures/Figura_celda_electroquimica.jpg>
Package pdftex.def Info: Figures/Figura_celda_electroquimica.jpg  used on input
 line 26.
(pdftex.def)             Requested size: 144.40025pt x 144.3959pt.

Underfull \hbox (badness 10000) in paragraph at lines 31--32

 []

<Figures/Figura_impresora_objetivos.jpg, id=499, 69.3792pt x 50.589pt>
File: Figures/Figura_impresora_objetivos.jpg Graphic file (type jpg)
<use Figures/Figura_impresora_objetivos.jpg>
Package pdftex.def Info: Figures/Figura_impresora_objetivos.jpg  used on input 
line 35.
(pdftex.def)             Requested size: 206.28249pt x 150.42267pt.

Underfull \vbox (badness 10000) has occurred while \output is active []

LaTeX Info: Redefining \. on input line 39.
LaTeX Info: Redefining \% on input line 39.
 [12 <./Figures/Figura_Biosensor_objetivos.jpg> <./Figures/Figura_celda_electro
quimica.jpg>]
Underfull \hbox (badness 10000) in paragraph at lines 40--41

 []

<Figures/Figura_caracElectroquim_objetivos.jpg, id=505, 3035.34pt x 3774.1pt>
File: Figures/Figura_caracElectroquim_objetivos.jpg Graphic file (type jpg)
<use Figures/Figura_caracElectroquim_objetivos.jpg>
Package pdftex.def Info: Figures/Figura_caracElectroquim_objetivos.jpg  used on
 input line 44.
(pdftex.def)             Requested size: 165.02347pt x 205.18623pt.
)
LaTeX Info: Redefining \. on input line 47.
LaTeX Info: Redefining \% on input line 47.
 [13 <./Figures/Figura_impresora_objetivos.jpg> <./Figures/Figura_caracElectroq
uim_objetivos.jpg>]
\openout2 = `MarcoTeorico.aux'.

 (MarcoTeorico.tex
Chapter 2.

Overfull \hbox (2.98904pt too wide) in paragraph at lines 5--6
\OT1/cmr/m/n/12 These devices can be characterized by different properties such
 as the measurement
 []


Overfull \hbox (15.58752pt too wide) in paragraph at lines 5--6
\OT1/cmr/m/n/12 range, precision, linearity, repeatability, among others. The i
nstrumentation variables
 []

<Figures/Figura_concepto_sensor.jpg, id=513, 732.7375pt x 261.97874pt>
File: Figures/Figura_concepto_sensor.jpg Graphic file (type jpg)
<use Figures/Figura_concepto_sensor.jpg>
Package pdftex.def Info: Figures/Figura_concepto_sensor.jpg  used on input line
 11.
(pdftex.def)             Requested size: 330.05322pt x 118.00526pt.

Underfull \vbox (badness 10000) has occurred while \output is active []

 [14



]
Overfull \hbox (29.74849pt too wide) in paragraph at lines 16--17
\OT1/cmr/m/n/12 acoustic wave, piezoelectric, or electrochemical type. Within t
he latter, the conductivity,
 []

<Figures/Figura_Biosensor.jpg, id=522, 616.3025pt x 273.02pt>
File: Figures/Figura_Biosensor.jpg Graphic file (type jpg)
<use Figures/Figura_Biosensor.jpg>
Package pdftex.def Info: Figures/Figura_Biosensor.jpg  used on input line 20.
(pdftex.def)             Requested size: 330.05322pt x 146.21631pt.
LaTeX Info: Redefining \. on input line 29.
LaTeX Info: Redefining \% on input line 29.
[15 <./Figures/Figura_concepto_sensor.jpg> <./Figures/Figura_Biosensor.jpg>]
<Figures/Figura_Definicion_Electrodo.jpeg, id=532, 4047.12pt x 3035.34pt>
File: Figures/Figura_Definicion_Electrodo.jpeg Graphic file (type jpg)
<use Figures/Figura_Definicion_Electrodo.jpeg>
Package pdftex.def Info: Figures/Figura_Definicion_Electrodo.jpeg  used on inpu
t line 39.
(pdftex.def)             Requested size: 206.28249pt x 154.69376pt.
<Figures/Figura_potenciostato.jpg, id=534, 218.8175pt x 163.61125pt>
File: Figures/Figura_potenciostato.jpg Graphic file (type jpg)
<use Figures/Figura_potenciostato.jpg>
Package pdftex.def Info: Figures/Figura_potenciostato.jpg  used on input line 4
8.
(pdftex.def)             Requested size: 206.28249pt x 154.24146pt.
LaTeX Info: Redefining \. on input line 52.
LaTeX Info: Redefining \% on input line 52.

[16 <./Figures/Figura_Definicion_Electrodo.jpeg>]
<Figures/Figura_serigrafia.jpg, id=540, 660.96938pt x 542.025pt>
File: Figures/Figura_serigrafia.jpg Graphic file (type jpg)
<use Figures/Figura_serigrafia.jpg>
Package pdftex.def Info: Figures/Figura_serigrafia.jpg  used on input line 60.
(pdftex.def)             Requested size: 206.28249pt x 169.15909pt.

Underfull \vbox (badness 10000) has occurred while \output is active []

LaTeX Info: Redefining \. on input line 64.
LaTeX Info: Redefining \% on input line 64.
 [17 <./Figures/Figura_potenciostato.jpg>]
<Figures/Figura_inkjet_dimatix.jpg, id=547, 4047.12pt x 3035.34pt>
File: Figures/Figura_inkjet_dimatix.jpg Graphic file (type jpg)
<use Figures/Figura_inkjet_dimatix.jpg>
Package pdftex.def Info: Figures/Figura_inkjet_dimatix.jpg  used on input line 
69.
(pdftex.def)             Requested size: 206.28249pt x 154.69376pt.

Overfull \hbox (0.17796pt too wide) in paragraph at lines 74--75
[]\OT1/cmr/m/n/12 In this thesis, an electrochemical biosensor on flexible subs
trate is implemented
 []


Overfull \hbox (7.09317pt too wide) in paragraph at lines 77--78
[]\OT1/cmr/m/n/12 As mentioned, the Inkjet type printer uses a piezoelectric he
ad for ink deposition
 []

<Figures/Figura_Piezoelectrico.jpg, id=549, 508.90125pt x 214.55156pt>
File: Figures/Figura_Piezoelectrico.jpg Graphic file (type jpg)
<use Figures/Figura_Piezoelectrico.jpg>
Package pdftex.def Info: Figures/Figura_Piezoelectrico.jpg  used on input line 
81.
(pdftex.def)             Requested size: 206.28249pt x 86.96819pt.
LaTeX Info: Redefining \. on input line 84.
LaTeX Info: Redefining \% on input line 84.
[18 <./Figures/Figura_serigrafia.jpg> <./Figures/Figura_inkjet_dimatix.jpg>]
<Figures/Figura_Waveform_Dimatix.jpg, id=555, 318.43968pt x 185.94469pt>
File: Figures/Figura_Waveform_Dimatix.jpg Graphic file (type jpg)
<use Figures/Figura_Waveform_Dimatix.jpg>
Package pdftex.def Info: Figures/Figura_Waveform_Dimatix.jpg  used on input lin
e 90.
(pdftex.def)             Requested size: 206.28249pt x 120.45119pt.
<Figures/Figura_etapas_eyector.jpg, id=557, 680.5425pt x 263.48438pt>
File: Figures/Figura_etapas_eyector.jpg Graphic file (type jpg)
<use Figures/Figura_etapas_eyector.jpg>
Package pdftex.def Info: Figures/Figura_etapas_eyector.jpg  used on input line 
99.
(pdftex.def)             Requested size: 330.05322pt x 127.78574pt.

Underfull \vbox (badness 10000) has occurred while \output is active []

LaTeX Info: Redefining \. on input line 103.
LaTeX Info: Redefining \% on input line 103.
 [19 <./Figures/Figura_Piezoelectrico.jpg> <./Figures/Figura_Waveform_Dimatix.j
pg>]
<Figures/Figura_cabezal.jpg, id=565, 3284.27pt x 1365.1pt>
File: Figures/Figura_cabezal.jpg Graphic file (type jpg)
<use Figures/Figura_cabezal.jpg>
Package pdftex.def Info: Figures/Figura_cabezal.jpg  used on input line 110.
(pdftex.def)             Requested size: 206.28249pt x 85.73512pt.
<Figures/Figura_cartucho_completo.jpg, id=567, 4047.12pt x 3035.34pt>
File: Figures/Figura_cartucho_completo.jpg Graphic file (type jpg)
<use Figures/Figura_cartucho_completo.jpg>
Package pdftex.def Info: Figures/Figura_cartucho_completo.jpg  used on input li
ne 119.
(pdftex.def)             Requested size: 206.28249pt x 154.69376pt.

Underfull \vbox (badness 10000) has occurred while \output is active []

LaTeX Info: Redefining \. on input line 123.
LaTeX Info: Redefining \% on input line 123.
 [20 <./Figures/Figura_etapas_eyector.jpg> <./Figures/Figura_cabezal.jpg>]
<Figures/Figura_tinta_Au.jpg, id=575, 2256.43pt x 1726.45pt>
File: Figures/Figura_tinta_Au.jpg Graphic file (type jpg)
<use Figures/Figura_tinta_Au.jpg>
Package pdftex.def Info: Figures/Figura_tinta_Au.jpg  used on input line 137.
(pdftex.def)             Requested size: 206.28249pt x 157.82373pt.

Underfull \vbox (badness 7558) has occurred while \output is active []

LaTeX Info: Redefining \. on input line 141.
LaTeX Info: Redefining \% on input line 141.
 [21 <./Figures/Figura_cartucho_completo.jpg>]
Overfull \hbox (2.59738pt too wide) in paragraph at lines 147--148
\OT1/cmr/m/n/12 kinematic viscosity of 9.33 cSt. These properties are reported 
in the manufacturer's
 []

<Figures/Figura_tinta_SU8.jpg, id=583, 1461.46pt x 2730.2pt>
File: Figures/Figura_tinta_SU8.jpg Graphic file (type jpg)
<use Figures/Figura_tinta_SU8.jpg>
Package pdftex.def Info: Figures/Figura_tinta_SU8.jpg  used on input line 151.
(pdftex.def)             Requested size: 82.51173pt x 154.13994pt.
LaTeX Info: Redefining \. on input line 159.
LaTeX Info: Redefining \% on input line 159.
[22 <./Figures/Figura_tinta_Au.jpg> <./Figures/Figura_tinta_SU8.jpg>]
<Figures/Figura_Valox.jpg, id=592, 4047.12pt x 3035.34pt>
File: Figures/Figura_Valox.jpg Graphic file (type jpg)
<use Figures/Figura_Valox.jpg>
Package pdftex.def Info: Figures/Figura_Valox.jpg  used on input line 163.
(pdftex.def)             Requested size: 226.91199pt x 170.16315pt.

Overfull \hbox (6.21819pt too wide) in paragraph at lines 170--171
[]\OT1/cmr/m/n/12 Due to the scale at which the nanoparticle ink is printed, it
 can have microcracks
 []

<Figures/Figura_Carac_elec.jpg, id=594, 1472.50125pt x 632.3625pt>
File: Figures/Figura_Carac_elec.jpg Graphic file (type jpg)
<use Figures/Figura_Carac_elec.jpg>
Package pdftex.def Info: Figures/Figura_Carac_elec.jpg  used on input line 174.

(pdftex.def)             Requested size: 206.28249pt x 88.58803pt.
LaTeX Info: Redefining \. on input line 182.
LaTeX Info: Redefining \% on input line 182.
[23 <./Figures/Figura_Valox.jpg> <./Figures/Figura_Carac_elec.jpg>]
<Figures/Figura_metodo_Kelvin.jpg, id=601, 481.8pt x 318.18875pt>
File: Figures/Figura_metodo_Kelvin.jpg Graphic file (type jpg)
<use Figures/Figura_metodo_Kelvin.jpg>
Package pdftex.def Info: Figures/Figura_metodo_Kelvin.jpg  used on input line 1
85.
(pdftex.def)             Requested size: 206.28249pt x 136.231pt.
<Figures/Figura_Cam_Fiducial_Medicion.jpg, id=603, 963.6pt x 722.7pt>
File: Figures/Figura_Cam_Fiducial_Medicion.jpg Graphic file (type jpg)
<use Figures/Figura_Cam_Fiducial_Medicion.jpg>
Package pdftex.def Info: Figures/Figura_Cam_Fiducial_Medicion.jpg  used on inpu
t line 197.
(pdftex.def)             Requested size: 206.28249pt x 154.70479pt.
<Figures/Figura_Stylus.jpg, id=605, 511.9125pt x 361.35pt>
File: Figures/Figura_Stylus.jpg Graphic file (type jpg)
<use Figures/Figura_Stylus.jpg>
Package pdftex.def Info: Figures/Figura_Stylus.jpg  used on input line 206.
(pdftex.def)             Requested size: 206.28249pt x 145.6071pt.
LaTeX Info: Redefining \. on input line 209.
LaTeX Info: Redefining \% on input line 209.
 [24 <./Figures/Figura_metodo_Kelvin.jpg> <./Figures/Figura_Cam_Fiducial_Medici
on.jpg>]
Overfull \hbox (2.10573pt too wide) in paragraph at lines 211--212
[]\OT1/cmr/m/n/12 Roughness is an important data in characterization, since it 
defines the working
 []


Overfull \hbox (1.16129pt too wide) in paragraph at lines 214--215
\OT1/cmr/m/n/12 electrochemical characterization consists of varying, in a cycl
ical way, the electrical
 []

<Figures/Figura_circuito_voltametria.jpg, id=611, 374.39874pt x 314.17375pt>
File: Figures/Figura_circuito_voltametria.jpg Graphic file (type jpg)
<use Figures/Figura_circuito_voltametria.jpg>
Package pdftex.def Info: Figures/Figura_circuito_voltametria.jpg  used on input
 line 218.
(pdftex.def)             Requested size: 268.1647pt x 225.04pt.

Underfull \vbox (badness 10000) has occurred while \output is active []

LaTeX Info: Redefining \. on input line 222.
LaTeX Info: Redefining \% on input line 222.
 [25 <./Figures/Figura_Stylus.jpg>]
<Figures/Figura_Carac_electroquimica.jpg, id=619, 648.4225pt x 228.855pt>
File: Figures/Figura_Carac_electroquimica.jpg Graphic file (type jpg)
<use Figures/Figura_Carac_electroquimica.jpg>
Package pdftex.def Info: Figures/Figura_Carac_electroquimica.jpg  used on input
 line 227.
(pdftex.def)             Requested size: 412.56497pt x 145.61115pt.

Overfull \hbox (12.72066pt too wide) in paragraph at lines 234--235
\OT1/cmr/m/n/12 behavior described by Randles-Sevcik [][]2.1[][], where the pea
k current $(\OML/cmm/m/it/12 i[]\OT1/cmr/m/n/12 )$ is proportional
 []

LaTeX Info: Redefining \. on input line 235.
LaTeX Info: Redefining \% on input line 235.
[26 <./Figures/Figura_circuito_voltametria.jpg> <./Figures/Figura_Carac_electro
quimica.jpg>])
LaTeX Info: Redefining \. on input line 48.
LaTeX Info: Redefining \% on input line 48.
 [27]
\openout2 = `Desarrollo.aux'.

 (Desarrollo.tex
Chapter 3.

Overfull \hbox (27.42908pt too wide) in paragraph at lines 2--3
[]\OT1/cmr/m/n/12 For the following project, Valox substrate with screenprinted
 carbon electrochemical
 []

<Figures/Figura_Electrodos_nPOC.jpg, id=635, 2577.63pt x 1026.83624pt>
File: Figures/Figura_Electrodos_nPOC.jpg Graphic file (type jpg)
<use Figures/Figura_Electrodos_nPOC.jpg>
Package pdftex.def Info: Figures/Figura_Electrodos_nPOC.jpg  used on input line
 6.
(pdftex.def)             Requested size: 206.28249pt x 82.16425pt.

Overfull \hbox (10.75702pt too wide) in paragraph at lines 14--15
\OT1/cmr/m/n/12 corresponds to the separation of an eight-channel micro pipette
, used in laboratories.
 []

<Figures/Figura_medicion_celdas.jpg, id=637, 2417.03pt x 1935.23pt>
File: Figures/Figura_medicion_celdas.jpg Graphic file (type jpg)
<use Figures/Figura_medicion_celdas.jpg>
Package pdftex.def Info: Figures/Figura_medicion_celdas.jpg  used on input line
 18.
(pdftex.def)             Requested size: 206.28249pt x 165.15678pt.
[28



 <./Figures/Figura_Electrodos_nPOC.jpg>]
<Figures/Figura_sensores_hoja_A4.jpg, id=644, 3372.6pt x 2256.43pt>
File: Figures/Figura_sensores_hoja_A4.jpg Graphic file (type jpg)
<use Figures/Figura_sensores_hoja_A4.jpg>
Package pdftex.def Info: Figures/Figura_sensores_hoja_A4.jpg  used on input lin
e 27.
(pdftex.def)             Requested size: 206.28249pt x 137.99666pt.
<Figures/Figura_ejemplo_numeracion_nPoc.jpg, id=645, 3476.99pt x 1614.03pt>
File: Figures/Figura_ejemplo_numeracion_nPoc.jpg Graphic file (type jpg)
<use Figures/Figura_ejemplo_numeracion_nPoc.jpg>
Package pdftex.def Info: Figures/Figura_ejemplo_numeracion_nPoc.jpg  used on in
put line 34.
(pdftex.def)             Requested size: 206.28249pt x 95.75398pt.
LaTeX Info: Redefining \. on input line 42.
LaTeX Info: Redefining \% on input line 42.
 [29 <./Figures/Figura_medicion_celdas.jpg> <./Figures/Figura_sensores_hoja_A4.
jpg> <./Figures/Figura_ejemplo_numeracion_nPoc.jpg>]
<Figures/Figura_Inkscape.jpg, id=652, 1027.58907pt x 549.55313pt>
File: Figures/Figura_Inkscape.jpg Graphic file (type jpg)
<use Figures/Figura_Inkscape.jpg>
Package pdftex.def Info: Figures/Figura_Inkscape.jpg  used on input line 45.
(pdftex.def)             Requested size: 268.1647pt x 143.41711pt.
<Figures/Figura_Diseno_Circulos.jpeg, id=654, 3219.02625pt x 123.46124pt>
File: Figures/Figura_Diseno_Circulos.jpeg Graphic file (type jpg)
<use Figures/Figura_Diseno_Circulos.jpeg>
Package pdftex.def Info: Figures/Figura_Diseno_Circulos.jpeg  used on input lin
e 54.
(pdftex.def)             Requested size: 206.28249pt x 7.91034pt.
<Figures/Figura_comparacion_png_bmp.png, id=656, 66.2475pt x 42.91031pt>
File: Figures/Figura_comparacion_png_bmp.png Graphic file (type png)
<use Figures/Figura_comparacion_png_bmp.png>
Package pdftex.def Info: Figures/Figura_comparacion_png_bmp.png  used on input 
line 63.
(pdftex.def)             Requested size: 206.28249pt x 133.64058pt.
LaTeX Info: Redefining \. on input line 67.
LaTeX Info: Redefining \% on input line 67.
 [30 <./Figures/Figura_Inkscape.jpg> <./Figures/Figura_Diseno_Circulos.jpeg>]
<Figures/Figura_Leader_Bar.jpg, id=666, 3356.54pt x 2344.76pt>
File: Figures/Figura_Leader_Bar.jpg Graphic file (type jpg)
<use Figures/Figura_Leader_Bar.jpg>
Package pdftex.def Info: Figures/Figura_Leader_Bar.jpg  used on input line 80.
(pdftex.def)             Requested size: 206.28249pt x 144.07845pt.

Underfull \vbox (badness 10000) has occurred while \output is active []

LaTeX Info: Redefining \. on input line 84.
LaTeX Info: Redefining \% on input line 84.
 [31 <./Figures/Figura_comparacion_png_bmp.png>]
<Figures/Figura_nozzles.jpg, id=674, 963.6pt x 722.7pt>
File: Figures/Figura_nozzles.jpg Graphic file (type jpg)
<use Figures/Figura_nozzles.jpg>
Package pdftex.def Info: Figures/Figura_nozzles.jpg  used on input line 89.
(pdftex.def)             Requested size: 206.28249pt x 154.70479pt.
<Figures/Figura_alineacion_theta.jpg, id=676, 2561.57pt x 1116.17pt>
File: Figures/Figura_alineacion_theta.jpg Graphic file (type jpg)
<use Figures/Figura_alineacion_theta.jpg>
Package pdftex.def Info: Figures/Figura_alineacion_theta.jpg  used on input lin
e 100.
(pdftex.def)             Requested size: 206.28249pt x 89.87448pt.

Underfull \vbox (badness 4391) has occurred while \output is active []

LaTeX Info: Redefining \. on input line 104.
LaTeX Info: Redefining \% on input line 104.
 [32 <./Figures/Figura_Leader_Bar.jpg> <./Figures/Figura_nozzles.jpg>]
<Figures/Figura_alineacion_theta2.jpg, id=682, 963.6pt x 722.7pt>
File: Figures/Figura_alineacion_theta2.jpg Graphic file (type jpg)
<use Figures/Figura_alineacion_theta2.jpg>
Package pdftex.def Info: Figures/Figura_alineacion_theta2.jpg  used on input li
ne 109.
(pdftex.def)             Requested size: 165.02347pt x 123.76163pt.
<Figures/Figura_Line_Pattern_Micro50X.jpg, id=684, 371.88937pt x 427.5975pt>
File: Figures/Figura_Line_Pattern_Micro50X.jpg Graphic file (type jpg)
<use Figures/Figura_Line_Pattern_Micro50X.jpg>
Package pdftex.def Info: Figures/Figura_Line_Pattern_Micro50X.jpg  used on inpu
t line 118.
(pdftex.def)             Requested size: 144.40025pt x 166.03159pt.

Underfull \vbox (badness 10000) has occurred while \output is active []

LaTeX Info: Redefining \. on input line 122.
LaTeX Info: Redefining \% on input line 122.
 [33 <./Figures/Figura_alineacion_theta.jpg> <./Figures/Figura_alineacion_theta
2.jpg>]
<Figures/Figura_Tabla_angulos.jpg, id=691, 362.10281pt x 382.42876pt>
File: Figures/Figura_Tabla_angulos.jpg Graphic file (type jpg)
<use Figures/Figura_Tabla_angulos.jpg>
Package pdftex.def Info: Figures/Figura_Tabla_angulos.jpg  used on input line 1
27.
(pdftex.def)             Requested size: 206.28249pt x 217.8641pt.

Overfull \hbox (26.60527pt too wide) in paragraph at lines 132--133
[]\OT1/cmr/m/n/12 Next the $\$\OT1/cmr/m/it/12 Drop Offset$\OT1/cmr/m/n/12 "$ c
alibration must be performed. This procedure compensates
 []

LaTeX Info: Redefining \. on input line 133.
LaTeX Info: Redefining \% on input line 133.
[34 <./Figures/Figura_Line_Pattern_Micro50X.jpg> <./Figures/Figura_Tabla_angulo
s.jpg>]
<Figures/Figura_prueba_Drop_Spacing.jpg, id=697, 963.6pt x 722.7pt>
File: Figures/Figura_prueba_Drop_Spacing.jpg Graphic file (type jpg)
<use Figures/Figura_prueba_Drop_Spacing.jpg>
Package pdftex.def Info: Figures/Figura_prueba_Drop_Spacing.jpg  used on input 
line 136.
(pdftex.def)             Requested size: 206.28249pt x 154.70479pt.
<Figures/Figura_Camara_Fiducial.jpg, id=699, 918.43124pt x 627.84563pt>
File: Figures/Figura_Camara_Fiducial.jpg Graphic file (type jpg)
<use Figures/Figura_Camara_Fiducial.jpg>
Package pdftex.def Info: Figures/Figura_Camara_Fiducial.jpg  used on input line
 145.
(pdftex.def)             Requested size: 206.28249pt x 141.01009pt.
LaTeX Info: Redefining \. on input line 153.
LaTeX Info: Redefining \% on input line 153.
 [35 <./Figures/Figura_prueba_Drop_Spacing.jpg> <./Figures/Figura_Camara_Fiduci
al.jpg>]
<Figures/Figura_Ventana_Camara_Fiducial.jpg, id=705, 730.98094pt x 669.2503pt>
File: Figures/Figura_Ventana_Camara_Fiducial.jpg Graphic file (type jpg)
<use Figures/Figura_Ventana_Camara_Fiducial.jpg>
Package pdftex.def Info: Figures/Figura_Ventana_Camara_Fiducial.jpg  used on in
put line 156.
(pdftex.def)             Requested size: 206.28249pt x 188.85931pt.
<Figures/Figura_Prueba_Sobre_Sustratos.jpg, id=707, 1427.3325pt x 623.32875pt>
File: Figures/Figura_Prueba_Sobre_Sustratos.jpg Graphic file (type jpg)
<use Figures/Figura_Prueba_Sobre_Sustratos.jpg>
Package pdftex.def Info: Figures/Figura_Prueba_Sobre_Sustratos.jpg  used on inp
ut line 168.
(pdftex.def)             Requested size: 206.28249pt x 90.08075pt.
LaTeX Info: Redefining \. on input line 176.
LaTeX Info: Redefining \% on input line 176.
 [36 <./Figures/Figura_Ventana_Camara_Fiducial.jpg> <./Figures/Figura_Prueba_So
bre_Sustratos.jpg>]
<Figures/Figura_Primera_impresion_circulo.jpg, id=713, 1574.88374pt x 668.4975p
t>
File: Figures/Figura_Primera_impresion_circulo.jpg Graphic file (type jpg)
<use Figures/Figura_Primera_impresion_circulo.jpg>
Package pdftex.def Info: Figures/Figura_Primera_impresion_circulo.jpg  used on 
input line 179.
(pdftex.def)             Requested size: 206.28249pt x 87.56055pt.
<Figures/Figura_Hot_Plate.jpg, id=715, 2834.59pt x 3782.13pt>
File: Figures/Figura_Hot_Plate.jpg Graphic file (type jpg)
<use Figures/Figura_Hot_Plate.jpg>
Package pdftex.def Info: Figures/Figura_Hot_Plate.jpg  used on input line 188.
(pdftex.def)             Requested size: 165.02347pt x 220.16586pt.
<Figures/Figura_Segunda_Impresion_circulo.jpg, id=717, 740.7675pt x 722.7pt>
File: Figures/Figura_Segunda_Impresion_circulo.jpg Graphic file (type jpg)
<use Figures/Figura_Segunda_Impresion_circulo.jpg>
Package pdftex.def Info: Figures/Figura_Segunda_Impresion_circulo.jpg  used on 
input line 197.
(pdftex.def)             Requested size: 185.65297pt x 181.11565pt.
LaTeX Info: Redefining \. on input line 201.
LaTeX Info: Redefining \% on input line 201.
 [37 <./Figures/Figura_Primera_impresion_circulo.jpg> <./Figures/Figura_Hot_Pla
te.jpg>]
<Figures/Figura_impresion_8juntos.jpg, id=724, 1324.95pt x 659.46375pt>
File: Figures/Figura_impresion_8juntos.jpg Graphic file (type jpg)
<use Figures/Figura_impresion_8juntos.jpg>
Package pdftex.def Info: Figures/Figura_impresion_8juntos.jpg  used on input li
ne 208.
(pdftex.def)             Requested size: 247.54149pt x 123.20639pt.
<Figures/Figura_impresion_curado.jpg, id=726, 623.32875pt x 599.23875pt>
File: Figures/Figura_impresion_curado.jpg Graphic file (type jpg)
<use Figures/Figura_impresion_curado.jpg>
Package pdftex.def Info: Figures/Figura_impresion_curado.jpg  used on input lin
e 217.
(pdftex.def)             Requested size: 185.65297pt x 178.47461pt.

Underfull \vbox (badness 10000) has occurred while \output is active []

LaTeX Info: Redefining \. on input line 221.
LaTeX Info: Redefining \% on input line 221.
 [38 <./Figures/Figura_Segunda_Impresion_circulo.jpg> <./Figures/Figura_impresi
on_8juntos.jpg>]
<Figures/Figura_contactos_prueba.jpg, id=732, 2384.91pt x 2433.09pt>
File: Figures/Figura_contactos_prueba.jpg Graphic file (type jpg)
<use Figures/Figura_contactos_prueba.jpg>
Package pdftex.def Info: Figures/Figura_contactos_prueba.jpg  used on input lin
e 226.
(pdftex.def)             Requested size: 185.65297pt x 189.37929pt.
<Figures/Figura_contactos_prueba_con_Oro.jpg, id=734, 2947.01pt x 2433.09pt>
File: Figures/Figura_contactos_prueba_con_Oro.jpg Graphic file (type jpg)
<use Figures/Figura_contactos_prueba_con_Oro.jpg>
Package pdftex.def Info: Figures/Figura_contactos_prueba_con_Oro.jpg  used on i
nput line 235.
(pdftex.def)             Requested size: 185.65297pt x 153.25578pt.

Underfull \vbox (badness 1975) has occurred while \output is active []

LaTeX Info: Redefining \. on input line 239.
LaTeX Info: Redefining \% on input line 239.
 [39 <./Figures/Figura_impresion_curado.jpg> <./Figures/Figura_contactos_prueba
.jpg>]
Overfull \hbox (10.8834pt too wide) in paragraph at lines 240--241
[]\OT1/cmr/m/n/12 In order to have a greater amount of tests in the electrochem
ical characterization,
 []

<Figures/Figura_impresion_sustrato_valox_tinta_Oro.jpg, id=740, 3782.13pt x 923
.45pt>
File: Figures/Figura_impresion_sustrato_valox_tinta_Oro.jpg Graphic file (type 
jpg)
<use Figures/Figura_impresion_sustrato_valox_tinta_Oro.jpg>
Package pdftex.def Info: Figures/Figura_impresion_sustrato_valox_tinta_Oro.jpg 
 used on input line 244.
(pdftex.def)             Requested size: 206.28249pt x 50.36014pt.
<Figures/Figura_impresion_sobre_PET.jpg, id=742, 3107.61pt x 1742.51pt>
File: Figures/Figura_impresion_sobre_PET.jpg Graphic file (type jpg)
<use Figures/Figura_impresion_sobre_PET.jpg>
Package pdftex.def Info: Figures/Figura_impresion_sobre_PET.jpg  used on input 
line 255.
(pdftex.def)             Requested size: 206.28249pt x 115.6601pt.
LaTeX Info: Redefining \. on input line 259.
LaTeX Info: Redefining \% on input line 259.
[40 <./Figures/Figura_contactos_prueba_con_Oro.jpg> <./Figures/Figura_impresion
_sustrato_valox_tinta_Oro.jpg>]
Overfull \hbox (0.51215pt too wide) in paragraph at lines 267--268
[]\OT1/cmr/m/n/12 For the dimensional characterization the fiducial camera of t
he \OT1/cmr/m/it/12 Dimatix \OT1/cmr/m/n/12 printer
 []

<Figures/Figura_medicion_WE.jpg, id=750, 963.6pt x 722.7pt>
File: Figures/Figura_medicion_WE.jpg Graphic file (type jpg)
<use Figures/Figura_medicion_WE.jpg>
Package pdftex.def Info: Figures/Figura_medicion_WE.jpg  used on input line 271
.
(pdftex.def)             Requested size: 206.28249pt x 154.70479pt.

Underfull \vbox (badness 10000) has occurred while \output is active []

LaTeX Info: Redefining \. on input line 275.
LaTeX Info: Redefining \% on input line 275.
 [41 <./Figures/Figura_impresion_sobre_PET.jpg>]
<Figures/Figura_Perfilometro.jpg, id=757, 401.5pt x 301.125pt>
File: Figures/Figura_Perfilometro.jpg Graphic file (type jpg)
<use Figures/Figura_Perfilometro.jpg>
Package pdftex.def Info: Figures/Figura_Perfilometro.jpg  used on input line 28
0.
(pdftex.def)             Requested size: 206.28249pt x 154.7158pt.

Underfull \hbox (badness 10000) in paragraph at lines 291--293

 []

LaTeX Info: Redefining \. on input line 295.
LaTeX Info: Redefining \% on input line 295.
[42 <./Figures/Figura_medicion_WE.jpg> <./Figures/Figura_Perfilometro.jpg>]
<Figures/Figura_grafico_perfilometro.jpg, id=763, 627.09282pt x 254.45062pt>
File: Figures/Figura_grafico_perfilometro.jpg Graphic file (type jpg)
<use Figures/Figura_grafico_perfilometro.jpg>
Package pdftex.def Info: Figures/Figura_grafico_perfilometro.jpg  used on input
 line 298.
(pdftex.def)             Requested size: 330.05322pt x 133.92636pt.

Overfull \hbox (4.03348pt too wide) in paragraph at lines 306--307
[]\OT1/cmr/m/n/12 The electrochemical characterization was carried out on diffe
rent configurations
 []

<Figures/Figura_pruebas_muestras.jpg, id=770, 4135.45pt x 2569.6pt>
File: Figures/Figura_pruebas_muestras.jpg Graphic file (type jpg)
<use Figures/Figura_pruebas_muestras.jpg>
Package pdftex.def Info: Figures/Figura_pruebas_muestras.jpg  used on input lin
e 324.
(pdftex.def)             Requested size: 412.56497pt x 256.34772pt.
LaTeX Info: Redefining \. on input line 328.
LaTeX Info: Redefining \% on input line 328.
[43 <./Figures/Figura_grafico_perfilometro.jpg>]
<Figures/Figura_prueba_electroquimica.jpg, id=777, 3035.34pt x 2786.41pt>
File: Figures/Figura_prueba_electroquimica.jpg Graphic file (type jpg)
<use Figures/Figura_prueba_electroquimica.jpg>
Package pdftex.def Info: Figures/Figura_prueba_electroquimica.jpg  used on inpu
t line 334.
(pdftex.def)             Requested size: 206.28249pt x 189.32881pt.

Underfull \vbox (badness 10000) has occurred while \output is active []

LaTeX Info: Redefining \. on input line 338.
LaTeX Info: Redefining \% on input line 338.
 [44 <./Figures/Figura_pruebas_muestras.jpg>]
Overfull \hbox (4.35986pt too wide) in paragraph at lines 339--340
\OT1/cmr/m/n/12 cuvette no bubbles are formed, since the working electrode woul
d not be completely
 []

<Figures/Figura_electrodo_sonda.jpg, id=783, 4047.12pt x 3035.34pt>
File: Figures/Figura_electrodo_sonda.jpg Graphic file (type jpg)
<use Figures/Figura_electrodo_sonda.jpg>
Package pdftex.def Info: Figures/Figura_electrodo_sonda.jpg  used on input line
 343.
(pdftex.def)             Requested size: 206.28249pt x 154.69376pt.
<Figures/Figura_software_potenciostato.jpg, id=785, 2930.95pt x 2216.28pt>
File: Figures/Figura_software_potenciostato.jpg Graphic file (type jpg)
<use Figures/Figura_software_potenciostato.jpg>
Package pdftex.def Info: Figures/Figura_software_potenciostato.jpg  used on inp
ut line 352.
(pdftex.def)             Requested size: 206.28249pt x 155.96707pt.
LaTeX Info: Redefining \. on input line 356.
LaTeX Info: Redefining \% on input line 356.
[45 <./Figures/Figura_prueba_electroquimica.jpg> <./Figures/Figura_electrodo_so
nda.jpg>]
<Figures/Figura_anillos_SU8.jpg, id=791, 219.06844pt x 81.30376pt>
File: Figures/Figura_anillos_SU8.jpg Graphic file (type jpg)
<use Figures/Figura_anillos_SU8.jpg>
Package pdftex.def Info: Figures/Figura_anillos_SU8.jpg  used on input line 368
.
(pdftex.def)             Requested size: 206.28249pt x 76.55951pt.

Underfull \vbox (badness 5607) has occurred while \output is active []

LaTeX Info: Redefining \. on input line 372.
LaTeX Info: Redefining \% on input line 372.
 [46 <./Figures/Figura_software_potenciostato.jpg>]
<Figures/Figura_SU8_Ciclohexanona.jpg, id=797, 2746.26pt x 2601.72pt>
File: Figures/Figura_SU8_Ciclohexanona.jpg Graphic file (type jpg)
<use Figures/Figura_SU8_Ciclohexanona.jpg>
Package pdftex.def Info: Figures/Figura_SU8_Ciclohexanona.jpg  used on input li
ne 380.
(pdftex.def)             Requested size: 206.28249pt x 195.39847pt.
<Figures/Figura_cartucho_SU8.jpg, id=799, 3123.67pt x 2079.77pt>
File: Figures/Figura_cartucho_SU8.jpg Graphic file (type jpg)
<use Figures/Figura_cartucho_SU8.jpg>
Package pdftex.def Info: Figures/Figura_cartucho_SU8.jpg  used on input line 38
9.
(pdftex.def)             Requested size: 206.28249pt x 137.31601pt.
LaTeX Info: Redefining \. on input line 393.
LaTeX Info: Redefining \% on input line 393.
 [47 <./Figures/Figura_anillos_SU8.jpg> <./Figures/Figura_SU8_Ciclohexanona.jpg
>]
<Figures/Figura_Drop_Watcher_SU8.jpg, id=806, 963.6pt x 722.7pt>
File: Figures/Figura_Drop_Watcher_SU8.jpg Graphic file (type jpg)
<use Figures/Figura_Drop_Watcher_SU8.jpg>
Package pdftex.def Info: Figures/Figura_Drop_Watcher_SU8.jpg  used on input lin
e 399.
(pdftex.def)             Requested size: 206.28249pt x 154.70479pt.
<Figures/Figura_LinePattern_SU8.jpg, id=808, 963.6pt x 510.40688pt>
File: Figures/Figura_LinePattern_SU8.jpg Graphic file (type jpg)
<use Figures/Figura_LinePattern_SU8.jpg>
Package pdftex.def Info: Figures/Figura_LinePattern_SU8.jpg  used on input line
 411.
(pdftex.def)             Requested size: 206.28249pt x 109.26025pt.
LaTeX Info: Redefining \. on input line 415.
LaTeX Info: Redefining \% on input line 415.
 [48 <./Figures/Figura_cartucho_SU8.jpg> <./Figures/Figura_Drop_Watcher_SU8.jpg
>]
<Figures/Figura_Anillo105a135_SU8.jpg, id=815, 963.6pt x 722.7pt>
File: Figures/Figura_Anillo105a135_SU8.jpg Graphic file (type jpg)
<use Figures/Figura_Anillo105a135_SU8.jpg>
Package pdftex.def Info: Figures/Figura_Anillo105a135_SU8.jpg  used on input li
ne 422.
(pdftex.def)             Requested size: 206.28249pt x 154.70479pt.
<Figures/Figura_Anillo110a130_SU8.jpg, id=817, 963.6pt x 722.7pt>
File: Figures/Figura_Anillo110a130_SU8.jpg Graphic file (type jpg)
<use Figures/Figura_Anillo110a130_SU8.jpg>
Package pdftex.def Info: Figures/Figura_Anillo110a130_SU8.jpg  used on input li
ne 431.
(pdftex.def)             Requested size: 206.28249pt x 154.70479pt.
LaTeX Info: Redefining \. on input line 437.
LaTeX Info: Redefining \% on input line 437.
 [49 <./Figures/Figura_LinePattern_SU8.jpg> <./Figures/Figura_Anillo105a135_SU8
.jpg> <./Figures/Figura_Anillo110a130_SU8.jpg>]
<Figures/Figura_Anillo115a125_SU8.jpg, id=824, 963.6pt x 722.7pt>
File: Figures/Figura_Anillo115a125_SU8.jpg Graphic file (type jpg)
<use Figures/Figura_Anillo115a125_SU8.jpg>
Package pdftex.def Info: Figures/Figura_Anillo115a125_SU8.jpg  used on input li
ne 440.
(pdftex.def)             Requested size: 206.28249pt x 154.70479pt.
)
LaTeX Info: Redefining \. on input line 49.
LaTeX Info: Redefining \% on input line 49.
 [50 <./Figures/Figura_Anillo115a125_SU8.jpg>]
\openout2 = `MedicionesYResultados.aux'.


(MedicionesYResultados.tex
Chapter 4.

Overfull \hbox (34.97482pt too wide) in paragraph at lines 2--3
\OT1/cmr/m/n/12 differentiated by the type of characterization: electrical, dim
ensional and electrochemical. 
 []

[51



]
<Figures/Figura_tabla_rugosidades.jpg, id=839, 482.80376pt x 289.08pt>
File: Figures/Figura_tabla_rugosidades.jpg Graphic file (type jpg)
<use Figures/Figura_tabla_rugosidades.jpg>
Package pdftex.def Info: Figures/Figura_tabla_rugosidades.jpg  used on input li
ne 46.
(pdftex.def)             Requested size: 247.54149pt x 148.214pt.
<Figures/Figura_tabla_espesores.jpg, id=841, 478.78876pt x 228.855pt>
File: Figures/Figura_tabla_espesores.jpg Graphic file (type jpg)
<use Figures/Figura_tabla_espesores.jpg>
Package pdftex.def Info: Figures/Figura_tabla_espesores.jpg  used on input line
 57.
(pdftex.def)             Requested size: 247.54149pt x 118.32083pt.

Underfull \vbox (badness 10000) has occurred while \output is active []

LaTeX Info: Redefining \. on input line 61.
LaTeX Info: Redefining \% on input line 61.
 [52 <./Figures/Figura_tabla_rugosidades.jpg>]
Overfull \hbox (7.03622pt too wide) in paragraph at lines 65--66
[]\OT1/cmr/m/n/12 The first cyclic voltammetry was performed with a pure gold e
lectrode deposited
 []

<Figures/Figura_EQ_Oro_Sputtering_1mm.jpg, id=848, 3071.475pt x 2390.9325pt>
File: Figures/Figura_EQ_Oro_Sputtering_1mm.jpg Graphic file (type jpg)
<use Figures/Figura_EQ_Oro_Sputtering_1mm.jpg>
Package pdftex.def Info: Figures/Figura_EQ_Oro_Sputtering_1mm.jpg  used on inpu
t line 69.
(pdftex.def)             Requested size: 330.05322pt x 256.91078pt.
LaTeX Info: Redefining \. on input line 75.
LaTeX Info: Redefining \% on input line 75.
[53 <./Figures/Figura_tabla_espesores.jpg> <./Figures/Figura_EQ_Oro_Sputtering_
1mm.jpg>]
<Figures/Figura_EQ_Carbono.jpg, id=855, 3071.475pt x 2390.9325pt>
File: Figures/Figura_EQ_Carbono.jpg Graphic file (type jpg)
<use Figures/Figura_EQ_Carbono.jpg>
Package pdftex.def Info: Figures/Figura_EQ_Carbono.jpg  used on input line 78.
(pdftex.def)             Requested size: 330.05322pt x 256.91078pt.

Overfull \hbox (26.91103pt too wide) in paragraph at lines 84--85
\OT1/cmr/m/n/12 ink (Figure  [][]4.6[][]), the similarity is observed maintaini
ng the current peaks corresponding
 []

<Figures/Figura_EQ_Oro_Inkjet_Ambos.jpg, id=859, 5781.6pt x 2384.91pt>
File: Figures/Figura_EQ_Oro_Inkjet_Ambos.jpg Graphic file (type jpg)
<use Figures/Figura_EQ_Oro_Inkjet_Ambos.jpg>
Package pdftex.def Info: Figures/Figura_EQ_Oro_Inkjet_Ambos.jpg  used on input 
line 88.
(pdftex.def)             Requested size: 412.56497pt x 170.16315pt.

Underfull \vbox (badness 10000) has occurred while \output is active []

LaTeX Info: Redefining \. on input line 92.
LaTeX Info: Redefining \% on input line 92.
 [54 <./Figures/Figura_EQ_Carbono.jpg>]
<Figures/Figura_EQ_Sputt_2-Inkjet.jpg, id=864, 3071.475pt x 2390.9325pt>
File: Figures/Figura_EQ_Sputt_2-Inkjet.jpg Graphic file (type jpg)
<use Figures/Figura_EQ_Sputt_2-Inkjet.jpg>
Package pdftex.def Info: Figures/Figura_EQ_Sputt_2-Inkjet.jpg  used on input li
ne 95.
(pdftex.def)             Requested size: 330.05322pt x 256.91078pt.
<Figures/Figura_EQ_Sptt_AuInkjet_Carbono_Valox.jpg, id=866, 3071.475pt x 2390.9
325pt>
File: Figures/Figura_EQ_Sptt_AuInkjet_Carbono_Valox.jpg Graphic file (type jpg)

<use Figures/Figura_EQ_Sptt_AuInkjet_Carbono_Valox.jpg>
Package pdftex.def Info: Figures/Figura_EQ_Sptt_AuInkjet_Carbono_Valox.jpg  use
d on input line 104.
(pdftex.def)             Requested size: 330.05322pt x 256.91078pt.
LaTeX Info: Redefining \. on input line 108.
LaTeX Info: Redefining \% on input line 108.
 [55 <./Figures/Figura_EQ_Oro_Inkjet_Ambos.jpg> <./Figures/Figura_EQ_Sputt_2-In
kjet.jpg>]
Overfull \hbox (22.37634pt too wide) in paragraph at lines 109--110
[]\OT1/cmr/m/n/12 To have comparisons of the nanoparticles ink on different sub
strates, measurements
 []

<Figures/Figura_EQ_Inkjet_Valox_PET_Papel.jpg, id=873, 7941.67pt x 2497.33pt>
File: Figures/Figura_EQ_Inkjet_Valox_PET_Papel.jpg Graphic file (type jpg)
<use Figures/Figura_EQ_Inkjet_Valox_PET_Papel.jpg>
Package pdftex.def Info: Figures/Figura_EQ_Inkjet_Valox_PET_Papel.jpg  used on 
input line 113.
(pdftex.def)             Requested size: 412.56497pt x 129.71329pt.
<Figures/Figura_EQ_Sputt_Inkjet_PET.jpg, id=875, 3071.475pt x 2390.9325pt>
File: Figures/Figura_EQ_Sputt_Inkjet_PET.jpg Graphic file (type jpg)
<use Figures/Figura_EQ_Sputt_Inkjet_PET.jpg>
Package pdftex.def Info: Figures/Figura_EQ_Sputt_Inkjet_PET.jpg  used on input 
line 122.
(pdftex.def)             Requested size: 330.05322pt x 256.91078pt.
)
Underfull \vbox (badness 5862) has occurred while \output is active []

LaTeX Info: Redefining \. on input line 50.
LaTeX Info: Redefining \% on input line 50.
 [56 <./Figures/Figura_EQ_Sptt_AuInkjet_Carbono_Valox.jpg> <./Figures/Figura_EQ
_Inkjet_Valox_PET_Papel.jpg>]
LaTeX Info: Redefining \. on input line 50.
LaTeX Info: Redefining \% on input line 50.
 [57 <./Figures/Figura_EQ_Sputt_Inkjet_PET.jpg>]
\openout2 = `Conclusiones.aux'.


(Conclusiones.tex
Chapter 5.

Overfull \hbox (7.55447pt too wide) in paragraph at lines 14--15
\OT1/cmr/m/n/12 nanoparticles is comparable to that of a gold \OT1/cmr/m/it/12 
WE \OT1/cmr/m/n/12 deposited by \OT1/cmr/m/it/12 Sputtering\OT1/cmr/m/n/12 . Re
calling
 []


Overfull \hbox (11.7973pt too wide) in paragraph at lines 16--17
\OT1/cmr/m/n/12 substrate at the macroscopic level such as PET, approaches the 
cyclical voltammetry
 []

[58



]
Overfull \hbox (18.05974pt too wide) in paragraph at lines 23--24
[]\OT1/cmr/m/n/12 In the Experimental Development section (Captulo 3, [][]sec
tion 3.5[][]) the formulation
 []

)
LaTeX Info: Redefining \. on input line 51.
LaTeX Info: Redefining \% on input line 51.
 [59]
\openout2 = `apendiceA.aux'.

 (apendiceA.tex
Anexo A.

Overfull \hbox (0.46547pt too wide) in paragraph at lines 2--3
\OT1/cmr/m/n/12 works, publications made at the University of Pennsylvania [[]]
 and the University
 []

<Figures/Figura_Impresora_DMP2850.jpg, id=898, 4047.12pt x 3035.34pt>
File: Figures/Figura_Impresora_DMP2850.jpg Graphic file (type jpg)
<use Figures/Figura_Impresora_DMP2850.jpg>
Package pdftex.def Info: Figures/Figura_Impresora_DMP2850.jpg  used on input li
ne 8.
(pdftex.def)             Requested size: 206.28249pt x 154.69376pt.
<Figures/Figura_Carriage_angulo.jpg, id=901, 4368.32pt x 1951.29pt>
File: Figures/Figura_Carriage_angulo.jpg Graphic file (type jpg)
<use Figures/Figura_Carriage_angulo.jpg>
Package pdftex.def Info: Figures/Figura_Carriage_angulo.jpg  used on input line
 17.
(pdftex.def)             Requested size: 330.05322pt x 147.41231pt.

Underfull \vbox (badness 4303) has occurred while \output is active []

 [60



 <./Figures/Figura_Impresora_DMP2850.jpg>]
<Figures/Figura_Vista_Camara_Fiducial.jpg, id=908, 1284.8pt x 963.6pt>
File: Figures/Figura_Vista_Camara_Fiducial.jpg Graphic file (type jpg)
<use Figures/Figura_Vista_Camara_Fiducial.jpg>
Package pdftex.def Info: Figures/Figura_Vista_Camara_Fiducial.jpg  used on inpu
t line 24.
(pdftex.def)             Requested size: 206.28249pt x 154.70847pt.
<Figures/Figura_Camara_Drop_Watcher.jpg, id=911, 3677.74pt x 1188.44pt>
File: Figures/Figura_Camara_Drop_Watcher.jpg Graphic file (type jpg)
<use Figures/Figura_Camara_Drop_Watcher.jpg>
Package pdftex.def Info: Figures/Figura_Camara_Drop_Watcher.jpg  used on input 
line 33.
(pdftex.def)             Requested size: 206.28249pt x 66.64285pt.
<Figures/Figura_Drop_Watcher.jpg, id=912, 1284.8pt x 963.6pt>
File: Figures/Figura_Drop_Watcher.jpg Graphic file (type jpg)
<use Figures/Figura_Drop_Watcher.jpg>
Package pdftex.def Info: Figures/Figura_Drop_Watcher.jpg  used on input line 40
.
(pdftex.def)             Requested size: 206.28249pt x 154.70847pt.

Underfull \vbox (badness 1924) has occurred while \output is active []

 [61 <./Figures/Figura_Carriage_angulo.jpg> <./Figures/Figura_Vista_Camara_Fidu
cial.jpg> <./Figures/Figura_Camara_Drop_Watcher.jpg>]
<Figures/Figura_kit_impresion.jpg, id=920, 2906.86pt x 2304.61pt>
File: Figures/Figura_kit_impresion.jpg Graphic file (type jpg)
<use Figures/Figura_kit_impresion.jpg>
Package pdftex.def Info: Figures/Figura_kit_impresion.jpg  used on input line 5
0.
(pdftex.def)             Requested size: 206.28249pt x 163.51944pt.
<Figures/Figura_Cleaning_pad.jpg, id=921, 321.45094pt x 319.1925pt>
File: Figures/Figura_Cleaning_pad.jpg Graphic file (type jpg)
<use Figures/Figura_Cleaning_pad.jpg>
Package pdftex.def Info: Figures/Figura_Cleaning_pad.jpg  used on input line 57
.
(pdftex.def)             Requested size: 206.28249pt x 204.83772pt.

Underfull \vbox (badness 10000) has occurred while \output is active []

LaTeX Info: Redefining \. on input line 61.
LaTeX Info: Redefining \% on input line 61.
 [62 <./Figures/Figura_Drop_Watcher.jpg> <./Figures/Figura_kit_impresion.jpg>]
<Figures/Figura_suciedad_cabezal.jpg, id=927, 615.80063pt x 358.33875pt>
File: Figures/Figura_suciedad_cabezal.jpg Graphic file (type jpg)
<use Figures/Figura_suciedad_cabezal.jpg>
Package pdftex.def Info: Figures/Figura_suciedad_cabezal.jpg  used on input lin
e 66.
(pdftex.def)             Requested size: 206.28249pt x 120.03465pt.
<Figures/Figura_carga_tinta.jpg, id=929, 6343.7pt x 2208.25pt>
File: Figures/Figura_carga_tinta.jpg Graphic file (type jpg)
<use Figures/Figura_carga_tinta.jpg>
Package pdftex.def Info: Figures/Figura_carga_tinta.jpg  used on input line 75.

(pdftex.def)             Requested size: 412.56497pt x 143.60867pt.

Underfull \vbox (badness 10000) has occurred while \output is active []

LaTeX Info: Redefining \. on input line 79.
LaTeX Info: Redefining \% on input line 79.
 [63 <./Figures/Figura_Cleaning_pad.jpg> <./Figures/Figura_suciedad_cabezal.jpg
>]
<Figures/Figura_Carrete1.jpg, id=935, 3412.75pt x 3035.34pt>
File: Figures/Figura_Carrete1.jpg Graphic file (type jpg)
<use Figures/Figura_Carrete1.jpg>
Package pdftex.def Info: Figures/Figura_Carrete1.jpg  used on input line 86.
(pdftex.def)             Requested size: 206.28249pt x 183.45569pt.
<Figures/Figura_Orificio_Cleaning_Pad.jpg, id=937, 2360.82pt x 1750.54pt>
File: Figures/Figura_Orificio_Cleaning_Pad.jpg Graphic file (type jpg)
<use Figures/Figura_Orificio_Cleaning_Pad.jpg>
Package pdftex.def Info: Figures/Figura_Orificio_Cleaning_Pad.jpg  used on inpu
t line 95.
(pdftex.def)             Requested size: 206.28249pt x 152.9475pt.
LaTeX Info: Redefining \. on input line 99.
LaTeX Info: Redefining \% on input line 99.
 [64 <./Figures/Figura_carga_tinta.jpg> <./Figures/Figura_Carrete1.jpg>]
<Figures/Figura_Pantalla_Waveform.jpg, id=944, 551.05875pt x 436.63126pt>
File: Figures/Figura_Pantalla_Waveform.jpg Graphic file (type jpg)
<use Figures/Figura_Pantalla_Waveform.jpg>
Package pdftex.def Info: Figures/Figura_Pantalla_Waveform.jpg  used on input li
ne 104.
(pdftex.def)             Requested size: 206.28249pt x 163.44983pt.
<Figures/Figura_Configuraciones_cartucho.jpg, id=945, 665.48625pt x 366.61969pt
>
File: Figures/Figura_Configuraciones_cartucho.jpg Graphic file (type jpg)
<use Figures/Figura_Configuraciones_cartucho.jpg>
Package pdftex.def Info: Figures/Figura_Configuraciones_cartucho.jpg  used on i
nput line 111.
(pdftex.def)             Requested size: 330.05322pt x 181.82693pt.

Underfull \vbox (badness 10000) has occurred while \output is active []

LaTeX Info: Redefining \. on input line 115.
LaTeX Info: Redefining \% on input line 115.
 [65 <./Figures/Figura_Orificio_Cleaning_Pad.jpg> <./Figures/Figura_Pantalla_Wa
veform.jpg>]
<Figures/Figura_drop_watcher1.jpg, id=951, 963.6pt x 722.7pt>
File: Figures/Figura_drop_watcher1.jpg Graphic file (type jpg)
<use Figures/Figura_drop_watcher1.jpg>
Package pdftex.def Info: Figures/Figura_drop_watcher1.jpg  used on input line 1
20.
(pdftex.def)             Requested size: 206.28249pt x 154.70479pt.
<Figures/Figura_canal_cartucho_vacio.jpg, id=953, 6383.85pt x 1750.54pt>
File: Figures/Figura_canal_cartucho_vacio.jpg Graphic file (type jpg)
<use Figures/Figura_canal_cartucho_vacio.jpg>
Package pdftex.def Info: Figures/Figura_canal_cartucho_vacio.jpg  used on input
 line 129.
(pdftex.def)             Requested size: 412.56497pt x 113.1213pt.

Underfull \vbox (badness 10000) has occurred while \output is active []

LaTeX Info: Redefining \. on input line 133.
LaTeX Info: Redefining \% on input line 133.
 [66 <./Figures/Figura_Configuraciones_cartucho.jpg> <./Figures/Figura_drop_wat
cher1.jpg>]
Overfull \hbox (12.49277pt too wide) in paragraph at lines 134--134
[]\OT1/cmr/bx/n/17.28 Substrate clamping and platen configuration 
 []


Overfull \hbox (7.74594pt too wide) in paragraph at lines 135--136
[][]\OT1/cmr/m/n/12 A.16[][]). Although the vacuum generated in the holes is co
nsiderable, special attention
 []

<Figures/Figura_platina.jpg, id=959, 84.12228pt x 42.78384pt>
File: Figures/Figura_platina.jpg Graphic file (type jpg)
<use Figures/Figura_platina.jpg>
Package pdftex.def Info: Figures/Figura_platina.jpg  used on input line 139.
(pdftex.def)             Requested size: 206.28249pt x 104.929pt.

Overfull \hbox (17.07143pt too wide) in paragraph at lines 146--147
\OT1/cmr/m/n/12 printing process, paying the greatest attention after performin
g the \OT1/cmr/m/it/12 Theta \OT1/cmr/m/n/12 calibration,
 []

)
LaTeX Info: Redefining \. on input line 56.
LaTeX Info: Redefining \% on input line 56.
 [67 <./Figures/Figura_canal_cartucho_vacio.jpg> <./Figures/Figura_platina.jpg>
]
LaTeX Info: Redefining \. on input line 56.
LaTeX Info: Redefining \% on input line 56.
 [68]
\openout2 = `apendiceB.aux'.

 (apendiceB.tex
Anexo B.
) [69



] (PFI.bbl [70



]
Underfull \hbox (badness 10000) in paragraph at lines 82--86
[]\OT1/cmr/m/n/12 Depto. de Prototipado Microelectronico y Electronica Impres
a.
 []


Underfull \hbox (badness 1881) in paragraph at lines 139--142
[]\OT1/cmr/m/n/12 University of Pennsylvania.  Dimatix standard operating proce
dure.
 []

LaTeX Info: Redefining \. on input line 148.
LaTeX Info: Redefining \% on input line 148.
[71])
Package atveryend Info: Empty hook `BeforeClearDocument' on input line 62.
LaTeX Info: Redefining \. on input line 62.
LaTeX Info: Redefining \% on input line 62.
 [72]
Package atveryend Info: Empty hook `AfterLastShipout' on input line 62.
 (PFI.aux (titlepage.aux)
LaTeX Info: Redefining \. on input line 28.
LaTeX Info: Redefining \% on input line 28.
 (software.aux) (gracias.aux) (Objetivos.aux) (MarcoTeorico.aux) (Desarrollo.au
x) (MedicionesYResultados.aux)
(Conclusiones.aux) (apendiceA.aux) (apendiceB.aux))
Package atveryend Info: Executing hook `AtVeryEndDocument' on input line 62.
Package atveryend Info: Executing hook `AtEndAfterFileList' on input line 62.
Package rerunfilecheck Info: File `PFI.out' has not changed.
(rerunfilecheck)             Checksum: 6C54EB4F9D7031620523082B11847A8B;3149.


LaTeX Font Warning: Some font shapes were not available, defaults substituted.


LaTeX Warning: Label(s) may have changed. Rerun to get cross-references right.

Package atveryend Info: Empty hook `AtVeryVeryEnd' on input line 62.
 ) 
Here is how much of TeX's memory you used:
 9426 strings out of 482723
 164478 string characters out of 2946163
 425241 words of memory out of 3000000
 24647 multiletter control sequences out of 15000+200000
 539928 words of font info for 49 fonts, out of 3000000 for 9000
 0 hyphenation exceptions out of 8191
 39i,12n,51p,1096b,767s stack positions out of 5000i,500n,10000p,200000b,50000s
 </Users/jeremiasvozzi/Library/Application Support/MiKTeX/texmfs/data/fonts/p
k/ljfour/public/cm/dpi600/cmtt12.pk> </Users/jeremiasvozzi/Library/Application 
Support/MiKTeX/texmfs/data/fonts/pk/ljfour/public/cm/dpi600/cmex10.pk> </Users/
jeremiasvozzi/Library/Application Support/MiKTeX/texmfs/data/fonts/pk/ljfour/pu
blic/cm/dpi600/cmmi8.pk> </Users/jeremiasvozzi/Library/Application Support/MiKT
eX/texmfs/data/fonts/pk/ljfour/public/cm/dpi864/cmbxti10.pk> </Users/jeremiasvo
zzi/Library/Application Support/MiKTeX/texmfs/data/fonts/pk/ljfour/jknappen/ec/
dpi600/tcrm1200.pk> </Users/jeremiasvozzi/Library/Application Support/MiKTeX/te
xmfs/data/fonts/pk/ljfour/public/cm/dpi720/cmsy10.pk> </Users/jeremiasvozzi/Lib
rary/Application Support/MiKTeX/texmfs/data/fonts/pk/ljfour/public/cm/dpi600/cm
mi12.pk> </Users/jeremiasvozzi/Library/Application Support/MiKTeX/texmfs/data/f
onts/pk/ljfour/public/cm/dpi1244/cmbx12.pk> </Users/jeremiasvozzi/Library/Appli
cation Support/MiKTeX/texmfs/data/fonts/pk/ljfour/public/cm/dpi600/cmr8.pk> </U
sers/jeremiasvozzi/Library/Application Support/MiKTeX/texmfs/data/fonts/pk/ljfo
ur/public/cm/dpi600/cmti12.pk> </Users/jeremiasvozzi/Library/Application Suppor
t/MiKTeX/texmfs/data/fonts/pk/ljfour/public/cm/dpi720/cmbx12.pk> </Users/jeremi
asvozzi/Library/Application Support/MiKTeX/texmfs/data/fonts/pk/ljfour/public/c
m/dpi657/cmr10.pk> </Users/jeremiasvozzi/Library/Application Support/MiKTeX/tex
mfs/data/fonts/pk/ljfour/public/cm/dpi600/cmr12.pk> </Users/jeremiasvozzi/Libra
ry/Application Support/MiKTeX/texmfs/data/fonts/pk/ljfour/public/cm/dpi600/cmbx
12.pk> </Users/jeremiasvozzi/Library/Application Support/MiKTeX/texmfs/data/fon
ts/pk/ljfour/public/cm/dpi864/cmcsc10.pk> </Users/jeremiasvozzi/Library/Applica
tion Support/MiKTeX/texmfs/data/fonts/pk/ljfour/public/cm/dpi864/cmbx12.pk> </U
sers/jeremiasvozzi/Library/Application Support/MiKTeX/texmfs/data/fonts/pk/ljfo
ur/public/cm/dpi720/cmcsc10.pk>
Output written on PFI.pdf (72 pages, 61564677 bytes).
PDF statistics:
 1586 PDF objects out of 1728 (max. 8388607)
 238 named destinations out of 1000 (max. 500000)
 813 words of extra memory for PDF output out of 10000 (max. 10000000)

